2026-01-04 20:58:38,442 - INFO - ============================================================
2026-01-04 20:58:38,442 - INFO - FMCG Data Simulator - Dimensional Model
2026-01-04 20:58:38,443 - INFO - Started at: 2026-01-04 20:58:38
2026-01-04 20:58:38,443 - INFO - ============================================================

2026-01-04 20:58:38,443 - INFO - Connecting to Google Cloud...
2026-01-04 20:58:50,504 - ERROR - 
ERROR: Your default credentials were not found. To set up Application Default Credentials, see https://cloud.google.com/docs/authentication/external/set-up-adc for more information.
2026-01-04 20:58:50,506 - ERROR - Failed at: 2026-01-04 20:58:50
2026-01-04 20:58:50,506 - ERROR - Elapsed time: 12.1 seconds
2026-01-05 23:58:53,101 - INFO - Ensuring BigQuery data type compatibility for fact_employees...
2026-01-05 23:58:53,102 - INFO - Converting column 'employee_fact_id' to INTEGER for BigQuery compatibility
2026-01-05 23:58:53,106 - INFO - Converting column 'performance_rating' to INTEGER for BigQuery compatibility
2026-01-05 23:58:53,107 - INFO - Converting column 'years_of_service' to INTEGER for BigQuery compatibility
2026-01-05 23:58:53,108 - INFO - Converting column 'overtime_hours_monthly' to INTEGER for BigQuery compatibility
2026-01-05 23:58:53,109 - INFO - Converting column 'productivity_score' to INTEGER for BigQuery compatibility
2026-01-05 23:58:53,110 - INFO - Converting column 'engagement_score' to INTEGER for BigQuery compatibility
2026-01-05 23:58:53,110 - INFO - Converting column 'satisfaction_index' to INTEGER for BigQuery compatibility
2026-01-05 23:58:53,111 - INFO - Converting column 'retention_risk_score' to INTEGER for BigQuery compatibility
2026-01-05 23:58:53,112 - INFO - Converting column 'training_hours_completed' to INTEGER for BigQuery compatibility
2026-01-05 23:58:53,112 - INFO - Converting column 'certifications_count' to INTEGER for BigQuery compatibility
2026-01-05 23:58:53,113 - INFO - Converting column 'skill_gap_score' to INTEGER for BigQuery compatibility
2026-01-05 23:58:53,114 - INFO - Converting column 'vacation_leave_balance' to INTEGER for BigQuery compatibility
2026-01-05 23:58:53,114 - INFO - Converting column 'sick_leave_balance' to INTEGER for BigQuery compatibility
2026-01-05 23:58:53,115 - INFO - Converting column 'personal_leave_balance' to INTEGER for BigQuery compatibility
2026-01-05 23:58:53,116 - INFO - Data type conversion completed for fact_employees
2026-01-06 00:00:48,269 - INFO - Ensuring BigQuery data type compatibility for fact_employees...
2026-01-06 00:00:48,269 - INFO - Converting column 'employee_fact_id' to INTEGER for BigQuery compatibility
2026-01-06 00:00:48,271 - INFO - Converting column 'performance_rating' to INTEGER for BigQuery compatibility
2026-01-06 00:00:48,272 - INFO - Converting column 'years_of_service' to INTEGER for BigQuery compatibility
2026-01-06 00:00:48,274 - INFO - Converting column 'overtime_hours_monthly' to INTEGER for BigQuery compatibility
2026-01-06 00:00:48,275 - INFO - Converting column 'productivity_score' to INTEGER for BigQuery compatibility
2026-01-06 00:00:48,275 - INFO - Converting column 'engagement_score' to INTEGER for BigQuery compatibility
2026-01-06 00:00:48,277 - INFO - Converting column 'satisfaction_index' to INTEGER for BigQuery compatibility
2026-01-06 00:00:48,278 - INFO - Converting column 'retention_risk_score' to INTEGER for BigQuery compatibility
2026-01-06 00:00:48,279 - INFO - Converting column 'training_hours_completed' to INTEGER for BigQuery compatibility
2026-01-06 00:00:48,280 - INFO - Converting column 'certifications_count' to INTEGER for BigQuery compatibility
2026-01-06 00:00:48,281 - INFO - Converting column 'skill_gap_score' to INTEGER for BigQuery compatibility
2026-01-06 00:00:48,283 - INFO - Converting column 'vacation_leave_balance' to INTEGER for BigQuery compatibility
2026-01-06 00:00:48,284 - INFO - Converting column 'sick_leave_balance' to INTEGER for BigQuery compatibility
2026-01-06 00:00:48,285 - INFO - Converting column 'personal_leave_balance' to INTEGER for BigQuery compatibility
2026-01-06 00:00:48,286 - INFO - Data type conversion completed for fact_employees
2026-01-06 00:00:48,290 - INFO - Ensuring BigQuery data type compatibility for fact_marketing_costs...
2026-01-06 00:00:48,291 - INFO - Converting column 'marketing_cost_id' to INTEGER for BigQuery compatibility
2026-01-06 00:00:48,292 - INFO - Data type conversion completed for fact_marketing_costs
2026-01-06 00:00:48,294 - INFO - Ensuring BigQuery data type compatibility for fact_sales...
2026-01-06 00:00:48,294 - INFO - Converting column 'case_quantity' to INTEGER for BigQuery compatibility
2026-01-06 00:00:48,295 - INFO - Data type conversion completed for fact_sales
2026-01-06 00:00:48,300 - INFO - Ensuring BigQuery data type compatibility for fact_inventory...
2026-01-06 00:00:48,301 - INFO - Converting column 'cases_on_hand' to INTEGER for BigQuery compatibility
2026-01-06 00:00:48,302 - INFO - Converting column 'reorder_point' to INTEGER for BigQuery compatibility
2026-01-06 00:00:48,303 - INFO - Converting column 'safety_stock' to INTEGER for BigQuery compatibility
2026-01-06 00:00:48,304 - INFO - Converting column 'economic_order_quantity' to INTEGER for BigQuery compatibility
2026-01-06 00:00:48,305 - INFO - Converting column 'max_inventory' to INTEGER for BigQuery compatibility
2026-01-06 00:00:48,307 - INFO - Converting column 'base_monthly_demand' to INTEGER for BigQuery compatibility
2026-01-06 00:00:48,308 - INFO - Converting column 'shelf_life_days' to INTEGER for BigQuery compatibility
2026-01-06 00:00:48,309 - INFO - Converting column 'days_to_expire' to INTEGER for BigQuery compatibility
2026-01-06 00:00:48,309 - INFO - Converting column 'min_temperature' to INTEGER for BigQuery compatibility
2026-01-06 00:00:48,310 - INFO - Converting column 'max_temperature' to INTEGER for BigQuery compatibility
2026-01-06 00:00:48,311 - INFO - Converting column 'days_of_supply' to INTEGER for BigQuery compatibility
2026-01-06 00:00:48,312 - INFO - Data type conversion completed for fact_inventory
2026-01-06 00:00:48,321 - INFO - Ensuring BigQuery data type compatibility for fact_employee_wages...
2026-01-06 00:00:48,322 - INFO - Converting column 'monthly_salary' to INTEGER for BigQuery compatibility
2026-01-06 00:00:48,323 - INFO - Converting column 'annual_salary' to INTEGER for BigQuery compatibility
2026-01-06 00:00:48,324 - INFO - Converting column 'years_of_service' to INTEGER for BigQuery compatibility
2026-01-06 00:00:48,326 - INFO - Converting column 'salary_grade' to INTEGER for BigQuery compatibility
2026-01-06 00:00:48,327 - INFO - Data type conversion completed for fact_employee_wages
2026-01-06 00:00:48,329 - INFO - Ensuring BigQuery data type compatibility for dim_jobs...
2026-01-06 00:00:48,329 - INFO - Converting column 'base_salary_min' to INTEGER for BigQuery compatibility
2026-01-06 00:00:48,331 - INFO - Converting column 'base_salary_max' to INTEGER for BigQuery compatibility
2026-01-06 00:00:48,333 - INFO - Data type conversion completed for dim_jobs
2026-01-06 00:00:48,335 - INFO - Ensuring BigQuery data type compatibility for delivery_status_updates...
2026-01-06 00:00:48,336 - INFO - Converting column 'update_key' to INTEGER for BigQuery compatibility
2026-01-06 00:00:48,337 - INFO - Data type conversion completed for delivery_status_updates
