2026-01-04 18:16:54,328 - INFO - ============================================================
2026-01-04 18:16:54,330 - INFO - FMCG Data Simulator - Dimensional Model
2026-01-04 18:16:54,331 - INFO - Started at: 2026-01-04 18:16:54
2026-01-04 18:16:54,331 - INFO - ============================================================

2026-01-04 18:16:54,331 - INFO - Connecting to Google Cloud...
2026-01-04 18:17:06,137 - ERROR - 
ERROR: Your default credentials were not found. To set up Application Default Credentials, see https://cloud.google.com/docs/authentication/external/set-up-adc for more information.
2026-01-04 18:17:06,138 - ERROR - Failed at: 2026-01-04 18:17:06
2026-01-04 18:17:06,138 - ERROR - Elapsed time: 11.8 seconds
2026-01-05 12:59:07,774 - INFO - Starting Daily Sales Only Process
2026-01-05 12:59:20,054 - ERROR - Daily sales process failed: Your default credentials were not found. To set up Application Default Credentials, see https://cloud.google.com/docs/authentication/external/set-up-adc for more information.
2026-01-05 12:59:20,059 - ERROR - Failed at: 2026-01-05 12:59:20.054974
2026-01-05 23:58:12,974 - INFO - ============================================================
2026-01-05 23:58:12,974 - INFO - FMCG Data Simulator - Dimensional Model
2026-01-05 23:58:12,975 - INFO - Started at: 2026-01-05 23:58:12
2026-01-05 23:58:12,975 - INFO - ============================================================

2026-01-05 23:58:12,975 - INFO - Connecting to Google Cloud...
2026-01-05 23:58:25,071 - ERROR - 
ERROR: Your default credentials were not found. To set up Application Default Credentials, see https://cloud.google.com/docs/authentication/external/set-up-adc for more information.
2026-01-05 23:58:25,072 - ERROR - Failed at: 2026-01-05 23:58:25
2026-01-05 23:58:25,072 - ERROR - Elapsed time: 12.1 seconds
